<?xml version="1.0" encoding="UTF-8"?>
<!-- Generated by org.testng.reporters.JUnitReportReporter -->
<testsuite hostname="DESKTOP-OOPMDMF" failures="0" tests="1" name="com.hrms.TC001" time="94.418" errors="0" timestamp="06 Oct 2021 08:31:04 GMT" skipped="0">
  <testcase classname="com.hrms.TC001" name="tc001" time="94.418"/>
</testsuite> <!-- com.hrms.TC001 -->
