<?xml version="1.0" encoding="UTF-8"?>
<!-- Generated by org.testng.reporters.JUnitReportReporter -->
<testsuite hostname="DESKTOP-OOPMDMF" failures="0" tests="1" name="com.hrms.testscripts.TC003" time="8.341" errors="0" timestamp="7 Oct 2021 15:08:10 GMT">
  <testcase classname="com.hrms.testscripts.TC003" name="tc003" time="8.341"/>
</testsuite> <!-- com.hrms.testscripts.TC003 -->
