<?xml version="1.0" encoding="UTF-8"?>
<!-- Generated by org.testng.reporters.JUnitReportReporter -->
<testsuite hostname="DESKTOP-OOPMDMF" failures="0" tests="1" name="com.hrms.testscripts.TC001" time="24.788" errors="0" timestamp="4 Oct 2021 18:52:19 GMT">
  <testcase classname="com.hrms.testscripts.TC001" name="tc001" time="24.788"/>
</testsuite> <!-- com.hrms.testscripts.TC001 -->
